2 2 1000 1000 0.45 50 0.01
-
  Volume: 4.39273
  Momentum: (0, 0)
  Range: [1, 1.5]
Using openmp...
M: 20
-
  Volume: 4.39417
  Momentum: (1.18153e-10, 3.93391e-11)
  Range: [1, 1.5]
  Time: 5.512240e-01 (1.148383e-02 for 48 steps)
M: 20
-
  Volume: 4.39453
  Momentum: (3.14669e-10, -1.97532e-08)
  Range: [1, 1.5]
  Time: 5.117271e-01 (1.066098e-02 for 48 steps)
M: 20
-
  Volume: 4.38729
  Momentum: (-5.68796e-10, 3.09803e-08)
  Range: [1, 1.5]
  Time: 5.324640e-01 (1.109300e-02 for 48 steps)
M: 20
-
  Volume: 4.38601
  Momentum: (-1.19959e-09, -1.05599e-08)
  Range: [1, 1.5]
  Time: 5.216780e-01 (1.086829e-02 for 48 steps)
M: 20
-
  Volume: 4.38772
  Momentum: (-2.47761e-10, -3.29114e-08)
  Range: [1, 1.5]
  Time: 5.458920e-01 (1.137275e-02 for 48 steps)
M: 20
-
  Volume: 4.39255
  Momentum: (4.78986e-10, 1.33285e-07)
  Range: [1, 1.5]
  Time: 5.333011e-01 (1.111044e-02 for 48 steps)
M: 20
-
  Volume: 4.3951
  Momentum: (8.88555e-10, 1.08548e-07)
  Range: [1, 1.5]
  Time: 5.668259e-01 (1.180887e-02 for 48 steps)
M: 20
-
  Volume: 4.39722
  Momentum: (-9.14448e-10, -1.82237e-07)
  Range: [1, 1.5]
  Time: 7.123871e-01 (1.484140e-02 for 48 steps)
M: 20
-
  Volume: 4.39968
  Momentum: (1.62239e-09, -6.51339e-08)
  Range: [1, 1.5]
  Time: 6.410799e-01 (1.335583e-02 for 48 steps)
M: 20
-
  Volume: 4.39978
  Momentum: (-1.93547e-09, 5.71862e-07)
  Range: [1, 1.5]
  Time: 5.502920e-01 (1.146442e-02 for 48 steps)
M: 20
-
  Volume: 4.39969
  Momentum: (-7.96163e-10, -3.49577e-07)
  Range: [1, 1.5]
  Time: 7.169871e-01 (1.493723e-02 for 48 steps)
M: 20
-
  Volume: 4.39775
  Momentum: (3.74875e-10, 1.91835e-07)
  Range: [0.993937, 1.5]
  Time: 5.552819e-01 (1.156837e-02 for 48 steps)
M: 20
-
  Volume: 4.39485
  Momentum: (-1.98657e-09, 1.2402e-07)
  Range: [0.951723, 1.40007]
  Time: 5.358322e-01 (1.116317e-02 for 48 steps)
M: 20
-
  Volume: 4.39178
  Momentum: (1.24445e-09, -1.58028e-07)
  Range: [0.901039, 1.32294]
  Time: 5.313952e-01 (1.107073e-02 for 48 steps)
M: 20
-
  Volume: 4.38797
  Momentum: (6.3954e-10, 4.03984e-07)
  Range: [0.838378, 1.35607]
  Time: 5.216460e-01 (1.134013e-02 for 46 steps)
M: 20
-
  Volume: 4.38658
  Momentum: (1.97873e-09, -3.53798e-07)
  Range: [0.71918, 1.3578]
  Time: 5.124810e-01 (1.114089e-02 for 46 steps)
M: 20
-
  Volume: 4.38745
  Momentum: (1.5914e-11, 9.7864e-08)
  Range: [0.616662, 1.36258]
  Time: 5.361660e-01 (1.165578e-02 for 46 steps)
M: 20
-
  Volume: 4.38534
  Momentum: (-2.85127e-10, 5.60681e-08)
  Range: [0.536387, 1.36907]
  Time: 5.623100e-01 (1.222413e-02 for 46 steps)
M: 20
-
  Volume: 4.38859
  Momentum: (-1.43296e-11, 1.09685e-07)
  Range: [0.471839, 1.36268]
  Time: 5.700390e-01 (1.187581e-02 for 48 steps)
M: 20
-
  Volume: 4.39092
  Momentum: (1.33523e-09, -3.73559e-07)
  Range: [0.418946, 1.36577]
  Time: 5.775330e-01 (1.203194e-02 for 48 steps)
M: 20
-
  Volume: 4.38413
  Momentum: (1.12452e-09, 7.75725e-08)
  Range: [0.374993, 1.37063]
  Time: 5.899320e-01 (1.229025e-02 for 48 steps)
M: 20
-
  Volume: 4.38348
  Momentum: (-1.05685e-09, -4.63706e-07)
  Range: [0.337969, 1.36298]
  Time: 6.138179e-01 (1.227636e-02 for 50 steps)
M: 20
-
  Volume: 4.38961
  Momentum: (9.12852e-10, 1.80847e-07)
  Range: [0.306092, 1.3616]
  Time: 5.924120e-01 (1.184824e-02 for 50 steps)
M: 20
-
  Volume: 4.39634
  Momentum: (1.99812e-09, -1.16875e-07)
  Range: [0.636175, 1.36576]
  Time: 5.867839e-01 (1.173568e-02 for 50 steps)
M: 20
-
  Volume: 4.39519
  Momentum: (-7.20038e-10, -2.01945e-08)
  Range: [0.682476, 1.36579]
  Time: 5.825500e-01 (1.165100e-02 for 50 steps)
M: 20
-
  Volume: 4.39139
  Momentum: (-3.59416e-10, 1.07263e-07)
  Range: [0.712235, 1.71972]
  Time: 5.824630e-01 (1.164926e-02 for 50 steps)
M: 20
-
  Volume: 4.39516
  Momentum: (6.26538e-11, 8.73132e-08)
  Range: [0.734596, 1.67754]
  Time: 5.536699e-01 (1.153479e-02 for 48 steps)
M: 20
-
  Volume: 4.3963
  Momentum: (-1.16256e-10, 1.66402e-08)
  Range: [0.752451, 1.6528]
  Time: 5.508120e-01 (1.147525e-02 for 48 steps)
M: 20
-
  Volume: 4.39446
  Momentum: (-1.40383e-10, 8.18811e-08)
  Range: [0.767195, 1.63213]
  Time: 5.641961e-01 (1.175409e-02 for 48 steps)
M: 20
-
  Volume: 4.39456
  Momentum: (-7.61449e-12, -1.77757e-08)
  Range: [0.779617, 1.59053]
  Time: 6.094840e-01 (1.218968e-02 for 50 steps)
M: 20
-
  Volume: 4.39098
  Momentum: (-1.08425e-09, 1.22099e-07)
  Range: [0.790404, 1.56789]
  Time: 5.910711e-01 (1.182142e-02 for 50 steps)
M: 20
-
  Volume: 4.39249
  Momentum: (-3.91565e-11, 3.40543e-08)
  Range: [0.799888, 1.55066]
  Time: 5.865521e-01 (1.173104e-02 for 50 steps)
M: 20
-
  Volume: 4.39476
  Momentum: (5.19885e-10, 2.04321e-08)
  Range: [0.808211, 1.52946]
  Time: 6.024818e-01 (1.204964e-02 for 50 steps)
M: 20
-
  Volume: 4.38818
  Momentum: (3.6822e-10, 1.37951e-07)
  Range: [0.815564, 1.5042]
  Time: 6.006510e-01 (1.201302e-02 for 50 steps)
M: 20
-
  Volume: 4.38466
  Momentum: (1.33783e-09, 4.07115e-08)
  Range: [0.822604, 1.47965]
  Time: 5.966830e-01 (1.193366e-02 for 50 steps)
M: 20
-
  Volume: 4.39016
  Momentum: (3.38603e-10, -1.97258e-08)
  Range: [0.828708, 1.45604]
  Time: 5.980461e-01 (1.196092e-02 for 50 steps)
M: 20
-
  Volume: 4.39018
  Momentum: (3.54941e-10, 8.18458e-08)
  Range: [0.937902, 1.43034]
  Time: 5.894320e-01 (1.178864e-02 for 50 steps)
M: 20
-
  Volume: 4.38647
  Momentum: (1.49305e-09, -1.28698e-07)
  Range: [0.936174, 1.40152]
  Time: 5.687201e-01 (1.137440e-02 for 50 steps)
M: 20
-
  Volume: 4.38121
  Momentum: (1.49779e-09, -1.79839e-07)
  Range: [0.933819, 1.37338]
  Time: 5.839009e-01 (1.167802e-02 for 50 steps)
M: 20
-
  Volume: 4.38173
  Momentum: (2.74008e-09, 1.22422e-07)
  Range: [0.930486, 1.34603]
  Time: 5.845940e-01 (1.169188e-02 for 50 steps)
M: 20
-
  Volume: 4.39604
  Momentum: (8.84258e-10, -1.79017e-07)
  Range: [0.92609, 1.31253]
  Time: 5.942411e-01 (1.188482e-02 for 50 steps)
M: 20
-
  Volume: 4.40089
  Momentum: (5.23385e-10, -1.45949e-07)
  Range: [0.920999, 1.27981]
  Time: 5.969150e-01 (1.193830e-02 for 50 steps)
M: 20
-
  Volume: 4.40861
  Momentum: (9.74826e-10, -1.64158e-07)
  Range: [0.914285, 1.24631]
  Time: 5.971560e-01 (1.194312e-02 for 50 steps)
M: 20
-
  Volume: 4.38917
  Momentum: (3.68694e-11, -3.52151e-08)
  Range: [0.907376, 1.4445]
  Time: 6.140549e-01 (1.279281e-02 for 48 steps)
M: 20
-
  Volume: 4.38066
  Momentum: (1.47309e-09, -1.89994e-07)
  Range: [0.898573, 1.50499]
  Time: 5.756519e-01 (1.199275e-02 for 48 steps)
M: 20
-
  Volume: 4.39784
  Momentum: (8.1472e-10, -4.79471e-07)
  Range: [0.887148, 1.47549]
  Time: 5.650971e-01 (1.177286e-02 for 48 steps)
M: 20
-
  Volume: 4.39026
  Momentum: (4.32676e-10, -5.0179e-07)
  Range: [0.870856, 1.45107]
  Time: 5.688732e-01 (1.185152e-02 for 48 steps)
M: 20
-
  Volume: 4.39333
  Momentum: (6.40533e-10, -6.49163e-07)
  Range: [0.855401, 1.43208]
  Time: 5.453091e-01 (1.185454e-02 for 46 steps)
M: 20
-
  Volume: 4.3991
  Momentum: (1.90353e-09, -3.61188e-07)
  Range: [0.841751, 1.41528]
  Time: 5.466621e-01 (1.188396e-02 for 46 steps)
M: 20
-
  Volume: 4.3944
  Momentum: (1.18684e-09, -1.51551e-07)
  Range: [0.829375, 1.39917]
  Time: 5.586419e-01 (1.214439e-02 for 46 steps)
Total compute time: 2.877740e+01
