2 2 1000 1000 0.45 50 0.01
-
  Volume: 4.39273
  Momentum: (0, 0)
  Range: [1, 1.5]
Using openmp...
M: 10
-
  Volume: 4.39417
  Momentum: (1.63929e-10, 3.93391e-11)
  Range: [1, 1.5]
  Time: 5.687201e-01 (1.184834e-02 for 48 steps)
M: 10
-
  Volume: 4.39453
  Momentum: (2.07857e-10, -2.36589e-08)
  Range: [1, 1.5]
  Time: 5.619009e-01 (1.170627e-02 for 48 steps)
M: 10
-
  Volume: 4.38729
  Momentum: (-2.86509e-10, 2.31678e-08)
  Range: [1, 1.5]
  Time: 5.679622e-01 (1.183255e-02 for 48 steps)
M: 10
-
  Volume: 4.38601
  Momentum: (-9.8289e-10, -1.20649e-08)
  Range: [1, 1.5]
  Time: 5.667381e-01 (1.180704e-02 for 48 steps)
M: 10
-
  Volume: 4.38772
  Momentum: (1.30587e-10, -8.34051e-08)
  Range: [1, 1.5]
  Time: 5.634899e-01 (1.173937e-02 for 48 steps)
M: 10
-
  Volume: 4.39255
  Momentum: (2.45268e-09, -6.1407e-08)
  Range: [1, 1.5]
  Time: 5.709002e-01 (1.189375e-02 for 48 steps)
M: 10
-
  Volume: 4.3951
  Momentum: (-1.219e-09, 7.59864e-09)
  Range: [1, 1.5]
  Time: 5.646410e-01 (1.176335e-02 for 48 steps)
M: 10
-
  Volume: 4.39722
  Momentum: (5.35095e-10, 1.28064e-07)
  Range: [1, 1.5]
  Time: 5.594828e-01 (1.165589e-02 for 48 steps)
M: 10
-
  Volume: 4.39968
  Momentum: (-2.67186e-09, 1.38189e-07)
  Range: [1, 1.5]
  Time: 5.743091e-01 (1.196477e-02 for 48 steps)
M: 10
-
  Volume: 4.39978
  Momentum: (6.61534e-09, 1.9697e-07)
  Range: [1, 1.5]
  Time: 5.624480e-01 (1.171767e-02 for 48 steps)
M: 10
-
  Volume: 4.39969
  Momentum: (-3.17298e-09, -1.88936e-08)
  Range: [1, 1.5]
  Time: 5.680430e-01 (1.183423e-02 for 48 steps)
M: 10
-
  Volume: 4.39775
  Momentum: (2.9872e-09, -1.77555e-07)
  Range: [0.993937, 1.5]
  Time: 5.612800e-01 (1.169333e-02 for 48 steps)
M: 10
-
  Volume: 4.39485
  Momentum: (-4.80075e-10, 8.79117e-08)
  Range: [0.951723, 1.40007]
  Time: 5.719180e-01 (1.191496e-02 for 48 steps)
M: 10
-
  Volume: 4.39178
  Momentum: (-1.7418e-08, 1.29257e-07)
  Range: [0.901039, 1.32294]
  Time: 5.622950e-01 (1.171448e-02 for 48 steps)
M: 10
-
  Volume: 4.38797
  Momentum: (-8.33095e-09, -2.96872e-08)
  Range: [0.838377, 1.35607]
  Time: 5.461411e-01 (1.187263e-02 for 46 steps)
M: 10
-
  Volume: 4.38658
  Momentum: (-2.93722e-09, 1.04799e-07)
  Range: [0.719179, 1.3578]
  Time: 5.435278e-01 (1.181582e-02 for 46 steps)
M: 10
-
  Volume: 4.38745
  Momentum: (3.33369e-09, -1.76421e-07)
  Range: [0.616663, 1.36258]
  Time: 5.529079e-01 (1.201974e-02 for 46 steps)
M: 10
-
  Volume: 4.38533
  Momentum: (-5.21964e-09, -7.63718e-08)
  Range: [0.536386, 1.36907]
  Time: 5.634410e-01 (1.224872e-02 for 46 steps)
M: 10
-
  Volume: 4.38859
  Momentum: (-5.98787e-09, -4.00623e-08)
  Range: [0.471839, 1.36268]
  Time: 6.009879e-01 (1.252058e-02 for 48 steps)
M: 10
-
  Volume: 4.39092
  Momentum: (-1.12153e-09, 2.23695e-07)
  Range: [0.418946, 1.36577]
  Time: 6.102231e-01 (1.271298e-02 for 48 steps)
M: 10
-
  Volume: 4.38413
  Momentum: (-7.5145e-09, -7.33892e-08)
  Range: [0.374993, 1.37063]
  Time: 6.117699e-01 (1.274521e-02 for 48 steps)
M: 10
-
  Volume: 4.38348
  Momentum: (3.98617e-09, -3.90872e-09)
  Range: [0.337969, 1.36298]
  Time: 6.278992e-01 (1.255798e-02 for 50 steps)
M: 10
-
  Volume: 4.38961
  Momentum: (9.70474e-09, -1.40072e-07)
  Range: [0.306091, 1.3616]
  Time: 6.379068e-01 (1.275814e-02 for 50 steps)
M: 10
-
  Volume: 4.39634
  Momentum: (-3.02212e-09, 8.34397e-08)
  Range: [0.636175, 1.36576]
  Time: 6.332331e-01 (1.266466e-02 for 50 steps)
M: 10
-
  Volume: 4.39519
  Momentum: (2.33996e-09, -2.22337e-07)
  Range: [0.682476, 1.36579]
  Time: 6.361420e-01 (1.272284e-02 for 50 steps)
M: 10
-
  Volume: 4.39139
  Momentum: (9.10759e-10, 1.30787e-08)
  Range: [0.712235, 1.71972]
  Time: 6.452479e-01 (1.290496e-02 for 50 steps)
M: 10
-
  Volume: 4.39516
  Momentum: (-7.74569e-10, 5.76781e-08)
  Range: [0.734596, 1.67754]
  Time: 6.023772e-01 (1.254952e-02 for 48 steps)
M: 10
-
  Volume: 4.3963
  Momentum: (-1.26275e-09, -1.10583e-07)
  Range: [0.752451, 1.6528]
  Time: 5.900900e-01 (1.229354e-02 for 48 steps)
M: 10
-
  Volume: 4.39446
  Momentum: (2.3808e-09, 3.8116e-09)
  Range: [0.767194, 1.63213]
  Time: 5.916412e-01 (1.232586e-02 for 48 steps)
M: 10
-
  Volume: 4.39456
  Momentum: (3.09746e-09, 8.66478e-08)
  Range: [0.779617, 1.59053]
  Time: 6.158421e-01 (1.231684e-02 for 50 steps)
M: 10
-
  Volume: 4.39098
  Momentum: (-1.43084e-09, 5.39501e-08)
  Range: [0.790404, 1.56789]
  Time: 6.166220e-01 (1.233244e-02 for 50 steps)
M: 10
-
  Volume: 4.39249
  Momentum: (-3.35737e-09, 8.38514e-08)
  Range: [0.799888, 1.55067]
  Time: 6.245480e-01 (1.249096e-02 for 50 steps)
M: 10
-
  Volume: 4.39476
  Momentum: (-4.57798e-09, -8.22123e-08)
  Range: [0.808211, 1.52946]
  Time: 6.491101e-01 (1.298220e-02 for 50 steps)
M: 10
-
  Volume: 4.38818
  Momentum: (-4.75363e-09, -4.24986e-08)
  Range: [0.815564, 1.5042]
  Time: 6.300480e-01 (1.260096e-02 for 50 steps)
M: 10
-
  Volume: 4.38466
  Momentum: (3.81474e-09, 3.28009e-07)
  Range: [0.822604, 1.47965]
  Time: 6.380429e-01 (1.276086e-02 for 50 steps)
M: 10
-
  Volume: 4.39015
  Momentum: (6.36911e-10, -2.4989e-07)
  Range: [0.828708, 1.45603]
  Time: 6.336849e-01 (1.267370e-02 for 50 steps)
M: 10
-
  Volume: 4.39018
  Momentum: (-5.30035e-09, -1.10508e-07)
  Range: [0.937902, 1.43034]
  Time: 6.290100e-01 (1.258020e-02 for 50 steps)
M: 10
-
  Volume: 4.38647
  Momentum: (3.09532e-09, 9.22035e-08)
  Range: [0.936174, 1.40152]
  Time: 6.210642e-01 (1.242128e-02 for 50 steps)
M: 10
-
  Volume: 4.38121
  Momentum: (5.5318e-09, -8.64141e-08)
  Range: [0.933819, 1.37338]
  Time: 6.226051e-01 (1.245210e-02 for 50 steps)
M: 10
-
  Volume: 4.38173
  Momentum: (5.05771e-09, 3.2203e-08)
  Range: [0.930486, 1.34603]
  Time: 6.245370e-01 (1.249074e-02 for 50 steps)
M: 10
-
  Volume: 4.39604
  Momentum: (2.97959e-09, -1.97111e-07)
  Range: [0.92609, 1.31253]
  Time: 6.438730e-01 (1.287746e-02 for 50 steps)
M: 10
-
  Volume: 4.40089
  Momentum: (-1.23408e-09, -1.74856e-07)
  Range: [0.920999, 1.27981]
  Time: 6.322889e-01 (1.264578e-02 for 50 steps)
M: 10
-
  Volume: 4.40861
  Momentum: (2.62652e-09, 1.598e-08)
  Range: [0.914285, 1.24631]
  Time: 6.372421e-01 (1.274484e-02 for 50 steps)
M: 10
-
  Volume: 4.38917
  Momentum: (1.5606e-08, 5.17623e-08)
  Range: [0.907376, 1.4445]
  Time: 6.122019e-01 (1.275421e-02 for 48 steps)
M: 10
-
  Volume: 4.38066
  Momentum: (1.06581e-08, 1.73562e-07)
  Range: [0.898572, 1.50499]
  Time: 6.117289e-01 (1.274435e-02 for 48 steps)
M: 10
-
  Volume: 4.39784
  Momentum: (5.61197e-09, 8.64951e-08)
  Range: [0.887148, 1.47549]
  Time: 6.172221e-01 (1.285879e-02 for 48 steps)
M: 10
-
  Volume: 4.39026
  Momentum: (-1.25465e-08, 1.87876e-07)
  Range: [0.870856, 1.45107]
  Time: 5.920682e-01 (1.233475e-02 for 48 steps)
M: 10
-
  Volume: 4.39333
  Momentum: (4.72695e-09, -4.62242e-08)
  Range: [0.855401, 1.43208]
  Time: 5.717440e-01 (1.242922e-02 for 46 steps)
M: 10
-
  Volume: 4.3991
  Momentum: (6.87033e-10, 1.37395e-09)
  Range: [0.841751, 1.41528]
  Time: 8.730841e-01 (1.898009e-02 for 46 steps)
M: 10
-
  Volume: 4.3944
  Momentum: (1.20691e-08, -2.78876e-08)
  Range: [0.829376, 1.39917]
  Time: 7.813730e-01 (1.698637e-02 for 46 steps)
Total compute time: 3.039560e+01
